# JRE version: OpenJDK Runtime Environment (11.0.10) (build 11.0.10+0-b96-7249189)
# Java VM: OpenJDK 64-Bit Server VM (11.0.10+0-b96-7249189, mixed mode, tiered, compressed oops, g1 gc, windows-amd64)
Heap:
 garbage-first heap   total 375808K, used 231396K [0x0000000080000000, 0x0000000100000000)
  region size 1024K, 85 young (87040K), 7 survivors (7168K)
 Metaspace       used 126795K, capacity 130523K, committed 130808K, reserved 1163264K
  class space    used 15447K, capacity 16812K, committed 16888K, reserved 1048576K
GC Heap History (20 events):
Event: 4043.681 GC heap before
{Heap before GC invocations=153 (full 0):
 garbage-first heap   total 187392K, used 155016K [0x0000000080000000, 0x0000000100000000)
  region size 1024K, 54 young (55296K), 5 survivors (5120K)
 Metaspace       used 125420K, capacity 129100K, committed 129272K, reserved 1161216K
  class space    used 15276K, capacity 16609K, committed 16632K, reserved 1048576K
}
Event: 4043.705 GC heap after
{Heap after GC invocations=154 (full 0):
 garbage-first heap   total 187392K, used 115484K [0x0000000080000000, 0x0000000100000000)
  region size 1024K, 7 young (7168K), 7 survivors (7168K)
 Metaspace       used 125420K, capacity 129100K, committed 129272K, reserved 1161216K
  class space    used 15276K, capacity 16609K, committed 16632K, reserved 1048576K
}
Event: 4043.717 GC heap before
{Heap before GC invocations=154 (full 0):
 garbage-first heap   total 187392K, used 117532K [0x0000000080000000, 0x0000000100000000)
  region size 1024K, 9 young (9216K), 7 survivors (7168K)
 Metaspace       used 125432K, capacity 129120K, committed 129272K, reserved 1161216K
  class space    used 15280K, capacity 16617K, committed 16632K, reserved 1048576K
}
Event: 4043.733 GC heap after
{Heap after GC invocations=155 (full 0):
 garbage-first heap   total 187392K, used 111578K [0x0000000080000000, 0x0000000100000000)
  region size 1024K, 2 young (2048K), 2 survivors (2048K)
 Metaspace       used 125432K, capacity 129120K, committed 129272K, reserved 1161216K
  class space    used 15280K, capacity 16617K, committed 16632K, reserved 1048576K
}
Event: 4043.932 GC heap before
{Heap before GC invocations=155 (full 0):
 garbage-first heap   total 187392K, used 145370K [0x0000000080000000, 0x0000000100000000)
  region size 1024K, 36 young (36864K), 2 survivors (2048K)
 Metaspace       used 125936K, capacity 129613K, committed 129912K, reserved 1163264K
  class space    used 15334K, capacity 16676K, committed 16760K, reserved 1048576K
}
Event: 4043.958 GC heap after
{Heap after GC invocations=156 (full 0):
 garbage-first heap   total 239616K, used 126359K [0x0000000080000000, 0x0000000100000000)
  region size 1024K, 5 young (5120K), 5 survivors (5120K)
 Metaspace       used 125936K, capacity 129613K, committed 129912K, reserved 1163264K
  class space    used 15334K, capacity 16676K, committed 16760K, reserved 1048576K
}
Event: 4044.340 GC heap before
{Heap before GC invocations=157 (full 0):
 garbage-first heap   total 239616K, used 176535K [0x0000000080000000, 0x0000000100000000)
  region size 1024K, 55 young (56320K), 5 survivors (5120K)
 Metaspace       used 126294K, capacity 129984K, committed 130168K, reserved 1163264K
  class space    used 15386K, capacity 16732K, committed 16760K, reserved 1048576K
}
Event: 4044.379 GC heap after
{Heap after GC invocations=158 (full 0):
 garbage-first heap   total 239616K, used 142271K [0x0000000080000000, 0x0000000100000000)
  region size 1024K, 7 young (7168K), 7 survivors (7168K)
 Metaspace       used 126294K, capacity 129984K, committed 130168K, reserved 1163264K
  class space    used 15386K, capacity 16732K, committed 16760K, reserved 1048576K
}
Event: 4044.471 GC heap before
{Heap before GC invocations=158 (full 0):
 garbage-first heap   total 239616K, used 145343K [0x0000000080000000, 0x0000000100000000)
  region size 1024K, 11 young (11264K), 7 survivors (7168K)
 Metaspace       used 126489K, capacity 130248K, committed 130552K, reserved 1163264K
  class space    used 15432K, capacity 16801K, committed 16888K, reserved 1048576K
}
Event: 4044.482 GC heap after
{Heap after GC invocations=159 (full 0):
 garbage-first heap   total 239616K, used 142655K [0x0000000080000000, 0x0000000100000000)
  region size 1024K, 1 young (1024K), 1 survivors (1024K)
 Metaspace       used 126489K, capacity 130248K, committed 130552K, reserved 1163264K
  class space    used 15432K, capacity 16801K, committed 16888K, reserved 1048576K
}
Event: 4044.512 GC heap before
{Heap before GC invocations=159 (full 0):
 garbage-first heap   total 239616K, used 144703K [0x0000000080000000, 0x0000000100000000)
  region size 1024K, 4 young (4096K), 1 survivors (1024K)
 Metaspace       used 126496K, capacity 130253K, committed 130552K, reserved 1163264K
  class space    used 15433K, capacity 16803K, committed 16888K, reserved 1048576K
}
Event: 4044.517 GC heap after
{Heap after GC invocations=160 (full 0):
 garbage-first heap   total 239616K, used 142206K [0x0000000080000000, 0x0000000100000000)
  region size 1024K, 1 young (1024K), 1 survivors (1024K)
 Metaspace       used 126496K, capacity 130253K, committed 130552K, reserved 1163264K
  class space    used 15433K, capacity 16803K, committed 16888K, reserved 1048576K
}
Event: 4045.190 GC heap before
{Heap before GC invocations=161 (full 0):
 garbage-first heap   total 239616K, used 181118K [0x0000000080000000, 0x0000000100000000)
  region size 1024K, 42 young (43008K), 1 survivors (1024K)
 Metaspace       used 126653K, capacity 130426K, committed 130552K, reserved 1163264K
  class space    used 15447K, capacity 16812K, committed 16888K, reserved 1048576K
}
Event: 4045.201 GC heap after
{Heap after GC invocations=162 (full 0):
 garbage-first heap   total 239616K, used 141454K [0x0000000080000000, 0x0000000100000000)
  region size 1024K, 4 young (4096K), 4 survivors (4096K)
 Metaspace       used 126653K, capacity 130426K, committed 130552K, reserved 1163264K
  class space    used 15447K, capacity 16812K, committed 16888K, reserved 1048576K
}
Event: 4045.364 GC heap before
{Heap before GC invocations=162 (full 0):
 garbage-first heap   total 239616K, used 149646K [0x0000000080000000, 0x0000000100000000)
  region size 1024K, 11 young (11264K), 4 survivors (4096K)
 Metaspace       used 126654K, capacity 130426K, committed 130552K, reserved 1163264K
  class space    used 15447K, capacity 16812K, committed 16888K, reserved 1048576K
}
Event: 4045.447 GC heap after
{Heap after GC invocations=163 (full 0):
 garbage-first heap   total 375808K, used 136712K [0x0000000080000000, 0x0000000100000000)
  region size 1024K, 1 young (1024K), 1 survivors (1024K)
 Metaspace       used 126654K, capacity 130426K, committed 130552K, reserved 1163264K
  class space    used 15447K, capacity 16812K, committed 16888K, reserved 1048576K
}
Event: 4045.870 GC heap before
{Heap before GC invocations=163 (full 0):
 garbage-first heap   total 375808K, used 150024K [0x0000000080000000, 0x0000000100000000)
  region size 1024K, 16 young (16384K), 1 survivors (1024K)
 Metaspace       used 126659K, capacity 130426K, committed 130552K, reserved 1163264K
  class space    used 15447K, capacity 16812K, committed 16888K, reserved 1048576K
}
Event: 4045.885 GC heap after
{Heap after GC invocations=164 (full 0):
 garbage-first heap   total 375808K, used 138433K [0x0000000080000000, 0x0000000100000000)
  region size 1024K, 3 young (3072K), 3 survivors (3072K)
 Metaspace       used 126659K, capacity 130426K, committed 130552K, reserved 1163264K
  class space    used 15447K, capacity 16812K, committed 16888K, reserved 1048576K
}
Event: 4046.340 GC heap before
{Heap before GC invocations=165 (full 0):
 garbage-first heap   total 375808K, used 163009K [0x0000000080000000, 0x0000000100000000)
  region size 1024K, 27 young (27648K), 3 survivors (3072K)
 Metaspace       used 126664K, capacity 130426K, committed 130552K, reserved 1163264K
  class space    used 15447K, capacity 16812K, committed 16888K, reserved 1048576K
}
Event: 4046.350 GC heap after
{Heap after GC invocations=166 (full 0):
 garbage-first heap   total 375808K, used 144356K [0x0000000080000000, 0x0000000100000000)
  region size 1024K, 7 young (7168K), 7 survivors (7168K)
 Metaspace       used 126664K, capacity 130426K, committed 130552K, reserved 1163264K
  class space    used 15447K, capacity 16812K, committed 16888K, reserved 1048576K
}

